This file contains any messages produced by compilers while
running configure, to aid debugging if configure makes a mistake.

It was created by jacknanomix configure 0.2, which was
generated by GNU Autoconf 2.69.  Invocation command line was

  $ ./configure CFLAGS=-march=native -O4 -funroll-loops -Wpedantic

## --------- ##
## Platform. ##
## --------- ##

hostname = archlinux
uname -m = x86_64
uname -r = 4.16.8-1-ARCH
uname -s = Linux
uname -v = #1 SMP PREEMPT Wed May 9 11:25:02 UTC 2018

/usr/bin/uname -p = unknown
/bin/uname -X     = unknown

/bin/arch              = unknown
/usr/bin/arch -k       = unknown
/usr/convex/getsysinfo = unknown
/usr/bin/hostinfo      = unknown
/bin/machine           = unknown
/usr/bin/oslevel       = unknown
/bin/universe          = unknown

PATH: /usr/local/sbin
PATH: /usr/local/bin
PATH: /usr/bin
PATH: /usr/bin/site_perl
PATH: /usr/bin/vendor_perl
PATH: /usr/bin/core_perl


## ----------- ##
## Core tests. ##
## ----------- ##

configure:2220: checking build system type
configure:2234: result: x86_64-pc-linux-gnu
configure:2254: checking host system type
configure:2267: result: x86_64-pc-linux-gnu
configure:2287: checking target system type
configure:2300: result: x86_64-pc-linux-gnu
configure:2344: checking for a BSD-compatible install
configure:2412: result: /usr/bin/install -c
configure:2423: checking whether build environment is sane
configure:2478: result: yes
configure:2629: checking for a thread-safe mkdir -p
configure:2668: result: /usr/bin/mkdir -p
configure:2675: checking for gawk
configure:2691: found /usr/bin/gawk
configure:2702: result: gawk
configure:2713: checking whether make sets $(MAKE)
configure:2735: result: yes
configure:2764: checking whether make supports nested variables
configure:2781: result: yes
configure:2961: checking for gcc
configure:2977: found /usr/bin/gcc
configure:2988: result: gcc
configure:3217: checking for C compiler version
configure:3226: gcc --version >&5
gcc (GCC) 8.1.0
Copyright (C) 2018 Free Software Foundation, Inc.
This is free software; see the source for copying conditions.  There is NO
warranty; not even for MERCHANTABILITY or FITNESS FOR A PARTICULAR PURPOSE.

configure:3237: $? = 0
configure:3226: gcc -v >&5
Using built-in specs.
COLLECT_GCC=gcc
COLLECT_LTO_WRAPPER=/usr/lib/gcc/x86_64-pc-linux-gnu/8.1.0/lto-wrapper
Target: x86_64-pc-linux-gnu
Configured with: /build/gcc/src/gcc/configure --prefix=/usr --libdir=/usr/lib --libexecdir=/usr/lib --mandir=/usr/share/man --infodir=/usr/share/info --with-bugurl=https://bugs.archlinux.org/ --enable-languages=c,c++,ada,fortran,go,lto,objc,obj-c++ --enable-shared --enable-threads=posix --enable-libmpx --with-system-zlib --with-isl --enable-__cxa_atexit --disable-libunwind-exceptions --enable-clocale=gnu --disable-libstdcxx-pch --disable-libssp --enable-gnu-unique-object --enable-linker-build-id --enable-lto --enable-plugin --enable-install-libiberty --with-linker-hash-style=gnu --enable-gnu-indirect-function --enable-multilib --disable-werror --enable-checking=release --enable-default-pie --enable-default-ssp
Thread model: posix
gcc version 8.1.0 (GCC) 
configure:3237: $? = 0
configure:3226: gcc -V >&5
gcc: error: unrecognized command line option '-V'
gcc: fatal error: no input files
compilation terminated.
configure:3237: $? = 1
configure:3226: gcc -qversion >&5
gcc: error: unrecognized command line option '-qversion'; did you mean '--version'?
gcc: fatal error: no input files
compilation terminated.
configure:3237: $? = 1
configure:3257: checking whether the C compiler works
configure:3279: gcc -march=native -O4 -funroll-loops -Wpedantic   conftest.c  >&5
configure:3283: $? = 0
configure:3331: result: yes
configure:3334: checking for C compiler default output file name
configure:3336: result: a.out
configure:3342: checking for suffix of executables
configure:3349: gcc -o conftest -march=native -O4 -funroll-loops -Wpedantic   conftest.c  >&5
configure:3353: $? = 0
configure:3375: result: 
configure:3397: checking whether we are cross compiling
configure:3405: gcc -o conftest -march=native -O4 -funroll-loops -Wpedantic   conftest.c  >&5
configure:3409: $? = 0
configure:3416: ./conftest
configure:3420: $? = 0
configure:3435: result: no
configure:3440: checking for suffix of object files
configure:3462: gcc -c -march=native -O4 -funroll-loops -Wpedantic  conftest.c >&5
configure:3466: $? = 0
configure:3487: result: o
configure:3491: checking whether we are using the GNU C compiler
configure:3510: gcc -c -march=native -O4 -funroll-loops -Wpedantic  conftest.c >&5
configure:3510: $? = 0
configure:3519: result: yes
configure:3528: checking whether gcc accepts -g
configure:3548: gcc -c -g  conftest.c >&5
configure:3548: $? = 0
configure:3589: result: yes
configure:3606: checking for gcc option to accept ISO C89
configure:3669: gcc  -c -march=native -O4 -funroll-loops -Wpedantic  conftest.c >&5
configure:3669: $? = 0
configure:3682: result: none needed
configure:3707: checking whether gcc understands -c and -o together
configure:3729: gcc -c conftest.c -o conftest2.o
configure:3732: $? = 0
configure:3729: gcc -c conftest.c -o conftest2.o
configure:3732: $? = 0
configure:3744: result: yes
configure:3772: checking for style of include used by make
configure:3800: result: GNU
configure:3826: checking dependency style of gcc
configure:3937: result: gcc3
configure:3953: checking whether ln -s works
configure:3957: result: yes
configure:3965: checking for inline
configure:3981: gcc -c -march=native -O4 -funroll-loops -Wpedantic  conftest.c >&5
configure:3981: $? = 0
configure:3989: result: inline
configure:4011: checking for sqrt in -lm
configure:4036: gcc -o conftest -march=native -O4 -funroll-loops -Wpedantic   conftest.c -lm   >&5
conftest.c:18:6: warning: conflicting types for built-in function 'sqrt' [-Wbuiltin-declaration-mismatch]
 char sqrt ();
      ^~~~
configure:4036: $? = 0
configure:4045: result: yes
configure:4058: checking for powf in -lmx
configure:4083: gcc -o conftest -march=native -O4 -funroll-loops -Wpedantic   conftest.c -lmx  -lm  >&5
conftest.c:19:6: warning: conflicting types for built-in function 'powf' [-Wbuiltin-declaration-mismatch]
 char powf ();
      ^~~~
/usr/bin/ld: cannot find -lmx
collect2: error: ld returned 1 exit status
configure:4083: $? = 1
configure: failed program was:
| /* confdefs.h */
| #define PACKAGE_NAME "jacknanomix"
| #define PACKAGE_TARNAME "jacknanomix"
| #define PACKAGE_VERSION "0.2"
| #define PACKAGE_STRING "jacknanomix 0.2"
| #define PACKAGE_BUGREPORT "njh@aelius.com"
| #define PACKAGE_URL ""
| #define PACKAGE "jacknanomix"
| #define VERSION "0.2"
| #define HAVE_LIBM 1
| /* end confdefs.h.  */
| 
| /* Override any GCC internal prototype to avoid an error.
|    Use char because int might match the return type of a GCC
|    builtin and then its argument prototype would still apply.  */
| #ifdef __cplusplus
| extern "C"
| #endif
| char powf ();
| int
| main ()
| {
| return powf ();
|   ;
|   return 0;
| }
configure:4092: result: no
configure:4159: checking for pkg-config
configure:4177: found /usr/bin/pkg-config
configure:4189: result: /usr/bin/pkg-config
configure:4214: checking pkg-config is at least version 0.9.0
configure:4217: result: yes
configure:4227: checking for jack >= 0.100.0
configure:4234: $PKG_CONFIG --exists --print-errors "jack >= 0.100.0"
configure:4237: $? = 0
configure:4251: $PKG_CONFIG --exists --print-errors "jack >= 0.100.0"
configure:4254: $? = 0
configure:4312: result: yes
configure:4320: checking for liblo >= 0.23
configure:4327: $PKG_CONFIG --exists --print-errors "liblo >= 0.23"
configure:4330: $? = 0
configure:4344: $PKG_CONFIG --exists --print-errors "liblo >= 0.23"
configure:4347: $? = 0
configure:4405: result: yes
configure:4418: checking how to run the C preprocessor
configure:4449: gcc -E  conftest.c
configure:4449: $? = 0
configure:4463: gcc -E  conftest.c
conftest.c:12:10: fatal error: ac_nonexistent.h: No such file or directory
 #include <ac_nonexistent.h>
          ^~~~~~~~~~~~~~~~~~
compilation terminated.
configure:4463: $? = 1
configure: failed program was:
| /* confdefs.h */
| #define PACKAGE_NAME "jacknanomix"
| #define PACKAGE_TARNAME "jacknanomix"
| #define PACKAGE_VERSION "0.2"
| #define PACKAGE_STRING "jacknanomix 0.2"
| #define PACKAGE_BUGREPORT "njh@aelius.com"
| #define PACKAGE_URL ""
| #define PACKAGE "jacknanomix"
| #define VERSION "0.2"
| #define HAVE_LIBM 1
| /* end confdefs.h.  */
| #include <ac_nonexistent.h>
configure:4488: result: gcc -E
configure:4508: gcc -E  conftest.c
configure:4508: $? = 0
configure:4522: gcc -E  conftest.c
conftest.c:12:10: fatal error: ac_nonexistent.h: No such file or directory
 #include <ac_nonexistent.h>
          ^~~~~~~~~~~~~~~~~~
compilation terminated.
configure:4522: $? = 1
configure: failed program was:
| /* confdefs.h */
| #define PACKAGE_NAME "jacknanomix"
| #define PACKAGE_TARNAME "jacknanomix"
| #define PACKAGE_VERSION "0.2"
| #define PACKAGE_STRING "jacknanomix 0.2"
| #define PACKAGE_BUGREPORT "njh@aelius.com"
| #define PACKAGE_URL ""
| #define PACKAGE "jacknanomix"
| #define VERSION "0.2"
| #define HAVE_LIBM 1
| /* end confdefs.h.  */
| #include <ac_nonexistent.h>
configure:4551: checking for grep that handles long lines and -e
configure:4609: result: /usr/bin/grep
configure:4614: checking for egrep
configure:4676: result: /usr/bin/grep -E
configure:4681: checking for ANSI C header files
configure:4701: gcc -c -march=native -O4 -funroll-loops -Wpedantic  conftest.c >&5
configure:4701: $? = 0
configure:4774: gcc -o conftest -march=native -O4 -funroll-loops -Wpedantic   conftest.c -lm  >&5
configure:4774: $? = 0
configure:4774: ./conftest
configure:4774: $? = 0
configure:4785: result: yes
configure:4798: checking for sys/types.h
configure:4798: gcc -c -march=native -O4 -funroll-loops -Wpedantic  conftest.c >&5
configure:4798: $? = 0
configure:4798: result: yes
configure:4798: checking for sys/stat.h
configure:4798: gcc -c -march=native -O4 -funroll-loops -Wpedantic  conftest.c >&5
configure:4798: $? = 0
configure:4798: result: yes
configure:4798: checking for stdlib.h
configure:4798: gcc -c -march=native -O4 -funroll-loops -Wpedantic  conftest.c >&5
configure:4798: $? = 0
configure:4798: result: yes
configure:4798: checking for string.h
configure:4798: gcc -c -march=native -O4 -funroll-loops -Wpedantic  conftest.c >&5
configure:4798: $? = 0
configure:4798: result: yes
configure:4798: checking for memory.h
configure:4798: gcc -c -march=native -O4 -funroll-loops -Wpedantic  conftest.c >&5
configure:4798: $? = 0
configure:4798: result: yes
configure:4798: checking for strings.h
configure:4798: gcc -c -march=native -O4 -funroll-loops -Wpedantic  conftest.c >&5
configure:4798: $? = 0
configure:4798: result: yes
configure:4798: checking for inttypes.h
configure:4798: gcc -c -march=native -O4 -funroll-loops -Wpedantic  conftest.c >&5
configure:4798: $? = 0
configure:4798: result: yes
configure:4798: checking for stdint.h
configure:4798: gcc -c -march=native -O4 -funroll-loops -Wpedantic  conftest.c >&5
configure:4798: $? = 0
configure:4798: result: yes
configure:4798: checking for unistd.h
configure:4798: gcc -c -march=native -O4 -funroll-loops -Wpedantic  conftest.c >&5
configure:4798: $? = 0
configure:4798: result: yes
configure:4813: checking for stdlib.h
configure:4813: result: yes
configure:4813: checking for string.h
configure:4813: result: yes
configure:4813: checking for unistd.h
configure:4813: result: yes
configure:4828: checking for atexit
configure:4828: gcc -o conftest -march=native -O4 -funroll-loops -Wpedantic   conftest.c -lm  >&5
configure:4828: $? = 0
configure:4828: result: yes
configure:4828: checking for usleep
configure:4828: gcc -o conftest -march=native -O4 -funroll-loops -Wpedantic   conftest.c -lm  >&5
configure:4828: $? = 0
configure:4828: result: yes
configure:4951: checking that generated files are newer than configure
configure:4957: result: done
configure:4980: creating ./config.status

## ---------------------- ##
## Running config.status. ##
## ---------------------- ##

This file was extended by jacknanomix config.status 0.2, which was
generated by GNU Autoconf 2.69.  Invocation command line was

  CONFIG_FILES    = 
  CONFIG_HEADERS  = 
  CONFIG_LINKS    = 
  CONFIG_COMMANDS = 
  $ ./config.status 

on archlinux

config.status:878: creating Makefile
config.status:878: creating config.h
config.status:1059: config.h is unchanged
config.status:1107: executing depfiles commands

## ---------------- ##
## Cache variables. ##
## ---------------- ##

ac_cv_build=x86_64-pc-linux-gnu
ac_cv_c_compiler_gnu=yes
ac_cv_c_inline=inline
ac_cv_env_CC_set=
ac_cv_env_CC_value=
ac_cv_env_CFLAGS_set=set
ac_cv_env_CFLAGS_value='-march=native -O4 -funroll-loops -Wpedantic'
ac_cv_env_CPPFLAGS_set=
ac_cv_env_CPPFLAGS_value=
ac_cv_env_CPP_set=
ac_cv_env_CPP_value=
ac_cv_env_JACK_CFLAGS_set=
ac_cv_env_JACK_CFLAGS_value=
ac_cv_env_JACK_LIBS_set=
ac_cv_env_JACK_LIBS_value=
ac_cv_env_LDFLAGS_set=
ac_cv_env_LDFLAGS_value=
ac_cv_env_LIBLO_CFLAGS_set=
ac_cv_env_LIBLO_CFLAGS_value=
ac_cv_env_LIBLO_LIBS_set=
ac_cv_env_LIBLO_LIBS_value=
ac_cv_env_LIBS_set=
ac_cv_env_LIBS_value=
ac_cv_env_PKG_CONFIG_LIBDIR_set=
ac_cv_env_PKG_CONFIG_LIBDIR_value=
ac_cv_env_PKG_CONFIG_PATH_set=
ac_cv_env_PKG_CONFIG_PATH_value=
ac_cv_env_PKG_CONFIG_set=
ac_cv_env_PKG_CONFIG_value=
ac_cv_env_build_alias_set=
ac_cv_env_build_alias_value=
ac_cv_env_host_alias_set=
ac_cv_env_host_alias_value=
ac_cv_env_target_alias_set=
ac_cv_env_target_alias_value=
ac_cv_func_atexit=yes
ac_cv_func_usleep=yes
ac_cv_header_inttypes_h=yes
ac_cv_header_memory_h=yes
ac_cv_header_stdc=yes
ac_cv_header_stdint_h=yes
ac_cv_header_stdlib_h=yes
ac_cv_header_string_h=yes
ac_cv_header_strings_h=yes
ac_cv_header_sys_stat_h=yes
ac_cv_header_sys_types_h=yes
ac_cv_header_unistd_h=yes
ac_cv_host=x86_64-pc-linux-gnu
ac_cv_lib_m_sqrt=yes
ac_cv_lib_mx_powf=no
ac_cv_objext=o
ac_cv_path_EGREP='/usr/bin/grep -E'
ac_cv_path_GREP=/usr/bin/grep
ac_cv_path_ac_pt_PKG_CONFIG=/usr/bin/pkg-config
ac_cv_path_install='/usr/bin/install -c'
ac_cv_path_mkdir=/usr/bin/mkdir
ac_cv_prog_AWK=gawk
ac_cv_prog_CPP='gcc -E'
ac_cv_prog_ac_ct_CC=gcc
ac_cv_prog_cc_c89=
ac_cv_prog_cc_g=yes
ac_cv_prog_make_make_set=yes
ac_cv_target=x86_64-pc-linux-gnu
am_cv_CC_dependencies_compiler_type=gcc3
am_cv_make_support_nested_variables=yes
am_cv_prog_cc_c_o=yes
pkg_cv_JACK_CFLAGS=
pkg_cv_JACK_LIBS=-ljack
pkg_cv_LIBLO_CFLAGS=
pkg_cv_LIBLO_LIBS='-llo -lpthread'

## ----------------- ##
## Output variables. ##
## ----------------- ##

ACLOCAL='${SHELL} /root/tools/jacknanomix/missing aclocal-1.15'
AMDEPBACKSLASH='\'
AMDEP_FALSE='#'
AMDEP_TRUE=''
AMTAR='$${TAR-tar}'
AM_BACKSLASH='\'
AM_DEFAULT_V='$(AM_DEFAULT_VERBOSITY)'
AM_DEFAULT_VERBOSITY='1'
AM_V='$(V)'
AUTOCONF='${SHELL} /root/tools/jacknanomix/missing autoconf'
AUTOHEADER='${SHELL} /root/tools/jacknanomix/missing autoheader'
AUTOMAKE='${SHELL} /root/tools/jacknanomix/missing automake-1.15'
AWK='gawk'
CC='gcc'
CCDEPMODE='depmode=gcc3'
CFLAGS='-march=native -O4 -funroll-loops -Wpedantic'
CPP='gcc -E'
CPPFLAGS=''
CYGPATH_W='echo'
DEFS='-DHAVE_CONFIG_H'
DEPDIR='.deps'
ECHO_C=''
ECHO_N='-n'
ECHO_T=''
EGREP='/usr/bin/grep -E'
EXEEXT=''
GREP='/usr/bin/grep'
INSTALL_DATA='${INSTALL} -m 644'
INSTALL_PROGRAM='${INSTALL}'
INSTALL_SCRIPT='${INSTALL}'
INSTALL_STRIP_PROGRAM='$(install_sh) -c -s'
JACK_CFLAGS=''
JACK_LIBS='-ljack'
LDFLAGS=''
LIBLO_CFLAGS=''
LIBLO_LIBS='-llo -lpthread'
LIBOBJS=''
LIBS='-lm '
LN_S='ln -s'
LTLIBOBJS=''
MAKEINFO='${SHELL} /root/tools/jacknanomix/missing makeinfo'
MKDIR_P='/usr/bin/mkdir -p'
OBJEXT='o'
PACKAGE='jacknanomix'
PACKAGE_BUGREPORT='njh@aelius.com'
PACKAGE_NAME='jacknanomix'
PACKAGE_STRING='jacknanomix 0.2'
PACKAGE_TARNAME='jacknanomix'
PACKAGE_URL=''
PACKAGE_VERSION='0.2'
PATH_SEPARATOR=':'
PKG_CONFIG='/usr/bin/pkg-config'
PKG_CONFIG_LIBDIR=''
PKG_CONFIG_PATH=''
SET_MAKE=''
SHELL='/bin/sh'
STRIP=''
VERSION='0.2'
ac_ct_CC='gcc'
am__EXEEXT_FALSE=''
am__EXEEXT_TRUE='#'
am__fastdepCC_FALSE='#'
am__fastdepCC_TRUE=''
am__include='include'
am__isrc=''
am__leading_dot='.'
am__nodep='_no'
am__quote=''
am__tar='$${TAR-tar} chof - "$$tardir"'
am__untar='$${TAR-tar} xf -'
bindir='${exec_prefix}/bin'
build='x86_64-pc-linux-gnu'
build_alias=''
build_cpu='x86_64'
build_os='linux-gnu'
build_vendor='pc'
datadir='${datarootdir}'
datarootdir='${prefix}/share'
docdir='${datarootdir}/doc/${PACKAGE_TARNAME}'
dvidir='${docdir}'
exec_prefix='${prefix}'
host='x86_64-pc-linux-gnu'
host_alias=''
host_cpu='x86_64'
host_os='linux-gnu'
host_vendor='pc'
htmldir='${docdir}'
includedir='${prefix}/include'
infodir='${datarootdir}/info'
install_sh='${SHELL} /root/tools/jacknanomix/install-sh'
libdir='${exec_prefix}/lib'
libexecdir='${exec_prefix}/libexec'
localedir='${datarootdir}/locale'
localstatedir='${prefix}/var'
mandir='${datarootdir}/man'
mkdir_p='$(MKDIR_P)'
oldincludedir='/usr/include'
pdfdir='${docdir}'
prefix='/usr/local'
program_transform_name='s,x,x,'
psdir='${docdir}'
sbindir='${exec_prefix}/sbin'
sharedstatedir='${prefix}/com'
sysconfdir='${prefix}/etc'
target='x86_64-pc-linux-gnu'
target_alias=''
target_cpu='x86_64'
target_os='linux-gnu'
target_vendor='pc'

## ----------- ##
## confdefs.h. ##
## ----------- ##

/* confdefs.h */
#define PACKAGE_NAME "jacknanomix"
#define PACKAGE_TARNAME "jacknanomix"
#define PACKAGE_VERSION "0.2"
#define PACKAGE_STRING "jacknanomix 0.2"
#define PACKAGE_BUGREPORT "njh@aelius.com"
#define PACKAGE_URL ""
#define PACKAGE "jacknanomix"
#define VERSION "0.2"
#define HAVE_LIBM 1
#define STDC_HEADERS 1
#define HAVE_SYS_TYPES_H 1
#define HAVE_SYS_STAT_H 1
#define HAVE_STDLIB_H 1
#define HAVE_STRING_H 1
#define HAVE_MEMORY_H 1
#define HAVE_STRINGS_H 1
#define HAVE_INTTYPES_H 1
#define HAVE_STDINT_H 1
#define HAVE_UNISTD_H 1
#define HAVE_STDLIB_H 1
#define HAVE_STRING_H 1
#define HAVE_UNISTD_H 1
#define HAVE_ATEXIT 1
#define HAVE_USLEEP 1

configure: exit 0
